<?xml version="1.0" encoding="UTF-8"?>
<testsuite name="frc.LLColorTest" tests="1" skipped="0" failures="0" errors="0" timestamp="2023-05-06T01:35:39" hostname="2025-Lukas-Fiur.local" time="0.002">
  <properties/>
  <testcase name="testHex" classname="frc.LLColorTest" time="0.002"/>
  <system-out><![CDATA[]]></system-out>
  <system-err><![CDATA[]]></system-err>
</testsuite>
